Microsoft Windows [版本 10.0.15063]
(c) 2017 Microsoft Corporation。保留所有权利。

C:\Users\likg.LAPTOP-8CHG7JRQ>appium
[Appium] Welcome to Appium v1.7.1
[Appium] Appium REST http interface listener started on 0.0.0.0:4723
[HTTP] --> POST /wd/hub/session {"desiredCapabilities":{"app":"D:\\apk\\zhihu.apk","platformName":"Android","deviceName":"xiaomi"}}
[debug] [MJSONWP] Calling AppiumDriver.createSession() with args: [{"app":"D:\\apk\\zhihu.apk","platformName":"Android","deviceName":"xiaomi"},null,null]
[debug] [BaseDriver] Event 'newSessionRequested' logged at 1513516352824 (21:12:32 GMT+0800 (中国标准时间))
[Appium] Creating new AndroidDriver (v1.36.0) session
[Appium] Capabilities:
[Appium]   app: 'D:\\apk\\zhihu.apk'
[Appium]   platformName: 'Android'
[Appium]   deviceName: 'xiaomi'
[BaseDriver] Session created with session id: 2b2dd0cf-8fec-4c01-9d04-c39ebd71954e
[debug] [AndroidDriver] Getting Java version
[AndroidDriver] Java version is: 1.7.0_80
[ADB] Checking whether adb is present
[ADB] Using adb.exe from D:\software\Android\Sdk\platform-tools\adb.exe
[AndroidDriver] Retrieving device list
[debug] [ADB] Trying to find a connected android device
[debug] [ADB] Getting connected devices...
[debug] [ADB] 1 device(s) connected
[AndroidDriver] Using device: 7c90834f
[ADB] Checking whether adb is present
[ADB] Using adb.exe from D:\software\Android\Sdk\platform-tools\adb.exe
[debug] [ADB] Setting device id to 7c90834f
[BaseDriver] Using local app 'D:\apk\zhihu.apk'
[debug] [AndroidDriver] Checking whether app is actually present
[AndroidDriver] Starting Android session
[debug] [ADB] Running 'D:\software\Android\Sdk\platform-tools\adb.exe' with args: ["-P",5037,"-s","7c90834f","wait-for-device"]
[debug] [ADB] Getting connected devices...
[debug] [ADB] 1 device(s) connected
[debug] [ADB] Running 'D:\software\Android\Sdk\platform-tools\adb.exe' with args: ["-P",5037,"-s","7c90834f","shell","echo","ping"]
[AndroidDriver] setDeviceLanguageCountry requires language or country.
[AndroidDriver] Got language: 'null' and country: 'null'
[debug] [Logcat] Starting logcat capture
[debug] [AndroidDriver] Pushing settings apk to device...
[debug] [ADB] Getting install status for io.appium.settings
[debug] [ADB] Getting connected devices...
[debug] [ADB] 1 device(s) connected
[debug] [ADB] Running 'D:\software\Android\Sdk\platform-tools\adb.exe' with args: ["-P",5037,"-s","7c90834f","shell","pm","list","packages","io.appium.settings"]
[debug] [ADB] App is installed
[debug] [ADB] Getting package info for io.appium.settings
[debug] [ADB] Getting connected devices...
[debug] [ADB] 1 device(s) connected
[debug] [ADB] Running 'D:\software\Android\Sdk\platform-tools\adb.exe' with args: ["-P",5037,"-s","7c90834f","shell","dumpsys","package","io.appium.settings"]
[ADB] Checking whether aapt is present
[ADB] Using aapt.exe from D:\software\Android\Sdk\build-tools\27.0.2\aapt.exe
[debug] [ADB] The installed 'io.appium.settings' package does not require upgrade (5 >= 5)
[debug] [ADB] Getting connected devices...
[debug] [ADB] 1 device(s) connected
[debug] [ADB] Running 'D:\software\Android\Sdk\platform-tools\adb.exe' with args: ["-P",5037,"-s","7c90834f","shell","getprop","ro.build.version.sdk"]
[debug] [ADB] Current device property 'ro.build.version.sdk': 25
[debug] [ADB] Device API level: 25
[debug] [ADB] Getting connected devices...
[debug] [ADB] 1 device(s) connected
[debug] [ADB] Running 'D:\software\Android\Sdk\platform-tools\adb.exe' with args: ["-P",5037,"-s","7c90834f","shell","dumpsys","package","io.appium.settings"]
[debug] [ADB] Getting connected devices...
[debug] [ADB] 1 device(s) connected
[debug] [ADB] Running 'D:\software\Android\Sdk\platform-tools\adb.exe' with args: ["-P",5037,"-s","7c90834f","shell","pm","dump","io.appium.settings"]
[debug] [ADB] Got the following command chunks to execute: pm,grant,io.appium.settings,android.permission.WRITE_SETTINGS,;,pm,grant,io.appium.settings,android.permission.ACCESS_MOCK_LOCATION,;
[debug] [ADB] Getting connected devices...
[debug] [ADB] 1 device(s) connected
[debug] [ADB] Running 'D:\software\Android\Sdk\platform-tools\adb.exe' with args: ["-P",5037,"-s","7c90834f","shell","pm","grant","io.appium.settings","android.permission.WRITE_SETTINGS",";","pm","grant","io.appium.settings","android.permission.ACCESS_MOCK_LOCATION",";"]
[debug] [ADB] Running 'D:\software\Android\Sdk\platform-tools\adb.exe' with args: ["-P",5037,"-s","7c90834f","shell","pm","grant","io.appium.settings","android.permission.WRITE_SETTINGS",";","pm","grant","io.appium.settings","android.permission.ACCESS_MOCK_LOCATION",";"]
[debug] [ADB] Getting connected devices...
[debug] [ADB] 1 device(s) connected
[debug] [ADB] Running 'D:\software\Android\Sdk\platform-tools\adb.exe' with args: ["-P",5037,"-s","7c90834f","shell","ps"]
[debug] [ADB] Device API level: 25
[debug] [ADB] Getting connected devices...
[debug] [ADB] 1 device(s) connected
[debug] [ADB] Running 'D:\software\Android\Sdk\platform-tools\adb.exe' with args: ["-P",5037,"-s","7c90834f","shell","appops","set","io.appium.settings","android:mock_location","allow"]
[debug] [AndroidDriver] Pushing unlock helper app to device...
[debug] [ADB] Getting install status for io.appium.unlock
[debug] [ADB] Getting connected devices...
[debug] [ADB] 1 device(s) connected
[debug] [ADB] Running 'D:\software\Android\Sdk\platform-tools\adb.exe' with args: ["-P",5037,"-s","7c90834f","shell","pm","list","packages","io.appium.unlock"]
[debug] [ADB] App is installed
[debug] [ADB] Getting package info for io.appium.unlock
[debug] [ADB] Getting connected devices...
[debug] [ADB] 1 device(s) connected
[debug] [ADB] Running 'D:\software\Android\Sdk\platform-tools\adb.exe' with args: ["-P",5037,"-s","7c90834f","shell","dumpsys","package","io.appium.unlock"]
[ADB] Checking whether aapt is present
[ADB] Using aapt.exe from D:\software\Android\Sdk\build-tools\27.0.2\aapt.exe
[debug] [ADB] The installed 'io.appium.unlock' package does not require upgrade (2 >= 2)
[ADB] Getting device platform version
[debug] [ADB] Getting connected devices...
[debug] [ADB] 1 device(s) connected
[debug] [ADB] Running 'D:\software\Android\Sdk\platform-tools\adb.exe' with args: ["-P",5037,"-s","7c90834f","shell","getprop","ro.build.version.release"]
[debug] [ADB] Current device property 'ro.build.version.release': 7.1.1
[debug] [ADB] Getting connected devices...
[debug] [ADB] 1 device(s) connected
[debug] [ADB] Running 'D:\software\Android\Sdk\platform-tools\adb.exe' with args: ["-P",5037,"-s","7c90834f","shell","wm","size"]
[debug] [ADB] Getting connected devices...
[debug] [ADB] 1 device(s) connected
[debug] [ADB] Running 'D:\software\Android\Sdk\platform-tools\adb.exe' with args: ["-P",5037,"-s","7c90834f","shell","getprop","ro.product.model"]
[debug] [ADB] Current device property 'ro.product.model': MI 6
[debug] [ADB] Getting connected devices...
[debug] [ADB] 1 device(s) connected
[debug] [ADB] Running 'D:\software\Android\Sdk\platform-tools\adb.exe' with args: ["-P",5037,"-s","7c90834f","shell","getprop","ro.product.manufacturer"]
[debug] [ADB] Current device property 'ro.product.manufacturer': Xiaomi
[debug] [AndroidDriver] Parsing package and activity from app manifest
[ADB] Checking whether aapt is present
[ADB] Using aapt.exe from D:\software\Android\Sdk\build-tools\27.0.2\aapt.exe
[ADB] Extracting package and launch activity from manifest
[debug] [ADB] badging package: com.zhihu.android
[debug] [ADB] badging act: com.zhihu.android.app.ui.activity.MainActivity
[debug] [AndroidDriver] Parsed package and activity are: com.zhihu.android/com.zhihu.android.app.ui.activity.MainActivity
[AndroidDriver] Remote apk path is /data/local/tmp/4168db4fa07d0199915eabbaa2a258cf.apk
[debug] [ADB] Getting connected devices...
[debug] [ADB] 1 device(s) connected
[debug] [ADB] Running 'D:\software\Android\Sdk\platform-tools\adb.exe' with args: ["-P",5037,"-s","7c90834f","shell","ls","/data/local/tmp/4168db4fa07d0199915eabbaa2a258cf.apk"]
[debug] [AndroidDriver] Checking if app is installed
[debug] [ADB] Getting install status for com.zhihu.android
[debug] [ADB] Getting connected devices...
[debug] [ADB] 1 device(s) connected
[debug] [ADB] Running 'D:\software\Android\Sdk\platform-tools\adb.exe' with args: ["-P",5037,"-s","7c90834f","shell","pm","list","packages","com.zhihu.android"]
[debug] [ADB] App is not installed
[AndroidDriver] Apk is not yet installed
[AndroidDriver] installing apk from remote
[debug] [ADB] Getting connected devices...
[debug] [ADB] 1 device(s) connected
[debug] [ADB] Running 'D:\software\Android\Sdk\platform-tools\adb.exe' with args: ["-P",5037,"-s","7c90834f","shell","mkdir","-p","/data/local/tmp"]
[AndroidDriver] Clearing out any existing remote apks with the same hash
[debug] [AndroidDriver] Removing any old apks
[debug] [AndroidDriver] Except ["4168db4fa07d0199915eabbaa2a258cf"]
[debug] [ADB] Getting connected devices...
[debug] [ADB] 1 device(s) connected
[debug] [ADB] Running 'D:\software\Android\Sdk\platform-tools\adb.exe' with args: ["-P",5037,"-s","7c90834f","shell","ls","/data/local/tmp/*.apk"]
[debug] [ADB] Uninstalling com.zhihu.android
[debug] [ADB] Getting install status for com.zhihu.android
[debug] [ADB] Getting connected devices...
[debug] [ADB] 1 device(s) connected
[debug] [ADB] Running 'D:\software\Android\Sdk\platform-tools\adb.exe' with args: ["-P",5037,"-s","7c90834f","shell","pm","list","packages","com.zhihu.android"]
[debug] [ADB] App is not installed
[ADB] com.zhihu.android was not uninstalled, because it was not present on the device
[debug] [ADB] Getting connected devices...
[debug] [ADB] 1 device(s) connected
[debug] [ADB] Running 'D:\software\Android\Sdk\platform-tools\adb.exe' with args: ["-P",5037,"-s","7c90834f","shell","pm","install","-r","/data/local/tmp/4168db4fa07d0199915eabbaa2a258cf.apk"]
[debug] [AndroidDriver] Extracting strings from apk D:\apk\zhihu.apk null C:\Users\LIKG~1.LAP\AppData\Local\Temp\com.zhihu.android
[debug] [ADB] Extracting strings for language: default
[debug] [ADB] Device API level: 25
[debug] [ADB] Getting connected devices...
[debug] [ADB] 1 device(s) connected
[debug] [ADB] Running 'D:\software\Android\Sdk\platform-tools\adb.exe' with args: ["-P",5037,"-s","7c90834f","shell","getprop","persist.sys.locale"]
[debug] [ADB] Current device property 'persist.sys.locale':
[debug] [ADB] Getting connected devices...
[debug] [ADB] 1 device(s) connected
[debug] [ADB] Running 'D:\software\Android\Sdk\platform-tools\adb.exe' with args: ["-P",5037,"-s","7c90834f","shell","getprop","ro.product.locale"]
[debug] [ADB] Current device property 'ro.product.locale': zh-CN
[debug] [ADB] Reading strings from converted strings.json
[debug] [ADB] Running 'D:\software\Android\Sdk\platform-tools\adb.exe' with args: ["-P",5037,"-s","7c90834f","push","C:\\Users\\LIKG~1.LAP\\AppData\\Local\\Temp\\com.zhihu.android\\strings.json","/data/local/tmp"]
[debug] [AndroidBootstrap] Watching for bootstrap disconnect
[debug] [ADB] Forwarding system: 4724 to device: 4724
[debug] [ADB] Running 'D:\software\Android\Sdk\platform-tools\adb.exe' with args: ["-P",5037,"-s","7c90834f","forward","tcp:4724","tcp:4724"]
[debug] [UiAutomator] Starting UiAutomator
[debug] [UiAutomator] Moving to state 'starting'
[debug] [UiAutomator] Parsing uiautomator jar
[debug] [UiAutomator] Found jar name: 'AppiumBootstrap.jar'
[debug] [ADB] Running 'D:\software\Android\Sdk\platform-tools\adb.exe' with args: ["-P",5037,"-s","7c90834f","push","C:\\Users\\likg.LAPTOP-8CHG7JRQ\\AppData\\Roaming\\npm\\node_modules\\appium\\node_modules\\_appium-android-bootstrap@2.10.0@appium-android-bootstrap\\bootstrap\\bin\\AppiumBootstrap.jar","/data/local/tmp/"]
[debug] [ADB] Attempting to kill all uiautomator processes
[debug] [ADB] Getting all processes with uiautomator
[debug] [ADB] Getting connected devices...
[debug] [ADB] 1 device(s) connected
[debug] [ADB] Running 'D:\software\Android\Sdk\platform-tools\adb.exe' with args: ["-P",5037,"-s","7c90834f","shell","ps"]
[ADB] No uiautomator process found to kill, continuing...
[debug] [UiAutomator] Starting UIAutomator
[debug] [ADB] Creating ADB subprocess with args: ["-P",5037,"-s","7c90834f","shell","uiautomator","runtest","AppiumBootstrap.jar","-c","io.appium.android.bootstrap.Bootstrap","-e","pkg","com.zhihu.android","-e","disableAndroidWatchers",false,"-e","acceptSslCerts",false]
[debug] [UiAutomator] Moving to state 'online'
[debug] [AndroidBootstrap] [BOOTSTRAP LOG] [debug] Loading json...
[debug] [AndroidBootstrap] [BOOTSTRAP LOG] [debug] json loading complete.
[debug] [AndroidBootstrap] [BOOTSTRAP LOG] [debug] Registered crash watchers.
[AndroidBootstrap] Android bootstrap socket is now connected
[debug] [ADB] Getting connected devices...
[debug] [AndroidBootstrap] [BOOTSTRAP LOG] [debug] Client connected
[debug] [ADB] 1 device(s) connected
[debug] [ADB] Running 'D:\software\Android\Sdk\platform-tools\adb.exe' with args: ["-P",5037,"-s","7c90834f","shell","dumpsys","window"]
[AndroidDriver] Screen already unlocked, doing nothing
[debug] [ADB] Device API level: 25
[debug] [ADB] Getting connected devices...
[debug] [ADB] 1 device(s) connected
[debug] [ADB] Running 'D:\software\Android\Sdk\platform-tools\adb.exe' with args: ["-P",5037,"-s","7c90834f","shell","am","start","-W","-n","com.zhihu.android/com.zhihu.android.app.ui.activity.MainActivity","-S","-a","android.intent.action.MAIN","-c","android.intent.category.LAUNCHER","-f","0x10200000"]
[debug] [ADB] Waiting up to 20000ms for activity matching pkg: 'com.zhihu.android' and activity: 'com.zhihu.android.app.ui.activity.MainActivity' to be focused
[debug] [ADB] Possible activities, to be checked: 'com.zhihu.android.app.ui.activity.MainActivity'
[debug] [ADB] Getting focused package and activity
[debug] [ADB] Getting connected devices...
[debug] [ADB] 1 device(s) connected
[debug] [ADB] Running 'D:\software\Android\Sdk\platform-tools\adb.exe' with args: ["-P",5037,"-s","7c90834f","shell","dumpsys","window","windows"]
[debug] [ADB] Found package: 'com.zhihu.android' and fully qualified activity name : 'com.zhihu.android.app.ui.activity.MainActivity'
[Appium] New AndroidDriver session created successfully, session 2b2dd0cf-8fec-4c01-9d04-c39ebd71954e added to master session list
[debug] [BaseDriver] Event 'newSessionStarted' logged at 1513516378163 (21:12:58 GMT+0800 (中国标准时间))
[debug] [MJSONWP] Responding to client with driver.createSession() result: {"platform":"LINUX","webStorageEnabled":false,"takesScreenshot":true,"javascriptEnabled":true,"databaseEnabled":false,"networkConnectionEnabled":true,"locationContextEnabled":false,"warnings":{},"desired":{"app":"D:\\apk\\zhihu.apk","platformName":"Android","deviceName":"xiaomi"},"app":"D:\\apk\\zhihu.apk","platformName":"Android","deviceName":"7c90834f","deviceUDID":"7c90834f","platformVersion":"7.1.1","deviceScreenSize":"1080x1920","deviceModel":"MI 6","deviceManufacturer":"Xiaomi","appPackage":"com.zhihu.android","appWaitPackage":"com.zhihu.android","appActivity":"com.zhihu.android.app.ui.activity.MainActivity","appWaitActivity":"com.zhihu.android.app.ui.activity.MainActivity"}
[HTTP] <-- POST /wd/hub/session 200 25352 ms - 761
[HTTP] --> POST /wd/hub/session/2b2dd0cf-8fec-4c01-9d04-c39ebd71954e/timeouts {"type":"implicit","ms":10000}
[debug] [MJSONWP] Calling AppiumDriver.timeouts() with args: ["implicit",10000,"2b2dd0cf-8fec-4c01-9d04-c39ebd71954e"]
[debug] [BaseDriver] Set implicit wait to 10000ms
[debug] [MJSONWP] Responding to client with driver.timeouts() result: null
[HTTP] <-- POST /wd/hub/session/2b2dd0cf-8fec-4c01-9d04-c39ebd71954e/timeouts 200 21 ms - 76
[HTTP] --> GET /wd/hub/session/2b2dd0cf-8fec-4c01-9d04-c39ebd71954e/window/current/size {}
[debug] [MJSONWP] Calling AppiumDriver.getWindowSize() with args: ["current","2b2dd0cf-8fec-4c01-9d04-c39ebd71954e"]
[debug] [AndroidBootstrap] Sending command to android: {"cmd":"action","action":"getDeviceSize","params":{}}
[debug] [AndroidBootstrap] [BOOTSTRAP LOG] [debug] Got data from client: {"cmd":"action","action":"getDeviceSize","params":{}}
[debug] [AndroidBootstrap] [BOOTSTRAP LOG] [debug] Got command of type ACTION
[debug] [AndroidBootstrap] [BOOTSTRAP LOG] [debug] Got command action: getDeviceSize
[debug] [AndroidBootstrap] [BOOTSTRAP LOG] [debug] Returning result: {"status":0,"value":{"height":1920,"width":1080}}
[debug] [AndroidBootstrap] Received command result from bootstrap
[debug] [MJSONWP] Responding to client with driver.getWindowSize() result: {"height":1920,"width":1080}
[HTTP] <-- GET /wd/hub/session/2b2dd0cf-8fec-4c01-9d04-c39ebd71954e/window/current/size 200 55 ms - 100
[HTTP] --> GET /wd/hub/session/2b2dd0cf-8fec-4c01-9d04-c39ebd71954e/window/current/size {}
[debug] [MJSONWP] Calling AppiumDriver.getWindowSize() with args: ["current","2b2dd0cf-8fec-4c01-9d04-c39ebd71954e"]
[debug] [AndroidBootstrap] Sending command to android: {"cmd":"action","action":"getDeviceSize","params":{}}
[debug] [AndroidBootstrap] [BOOTSTRAP LOG] [debug] Got data from client: {"cmd":"action","action":"getDeviceSize","params":{}}
[debug] [AndroidBootstrap] Received command result from bootstrap
[debug] [MJSONWP] Responding to client with driver.getWindowSize() result: {"height":1920,"width":1080}
[HTTP] <-- GET /wd/hub/session/2b2dd0cf-8fec-4c01-9d04-c39ebd71954e/window/current/size 200 22 ms - 100
[debug] [AndroidBootstrap] [BOOTSTRAP LOG] [debug] Got command of type ACTION
[debug] [AndroidBootstrap] [BOOTSTRAP LOG] [debug] Got command action: getDeviceSize
[debug] [AndroidBootstrap] [BOOTSTRAP LOG] [debug] Returning result: {"status":0,"value":{"height":1920,"width":1080}}
[HTTP] --> POST /wd/hub/session/2b2dd0cf-8fec-4c01-9d04-c39ebd71954e/touch/perform {"actions":[{"action":"press","options":{"x":900,"y":500}},{"action":"wait","options":{"ms":200}},{"action":"moveTo","options":{"x":100,"y":500}},{"action":"release","options":{}}]}
[debug] [MJSONWP] Calling AppiumDriver.performTouch() with args: [[{"action":"press","options":{"x":900,"y":500}},{"action":"wait","options":{"ms":200}},{"action":"moveTo","options":{"x":100,"y":500}},{"action":"release","options":{}}],"2b2dd0cf-8fec-4c01-9d04-c39ebd71954e"]
[debug] [AndroidBootstrap] Sending command to android: {"cmd":"action","action":"swipe","params":{"startX":900,"startY":500,"endX":100,"endY":500,"steps":6}}
[debug] [AndroidBootstrap] [BOOTSTRAP LOG] [debug] Got data from client: {"cmd":"action","action":"swipe","params":{"startX":900,"startY":500,"endX":100,"endY":500,"steps":6}}
[debug] [AndroidBootstrap] [BOOTSTRAP LOG] [debug] Got command of type ACTION
[debug] [AndroidBootstrap] [BOOTSTRAP LOG] [debug] Got command action: swipe
[debug] [AndroidBootstrap] [BOOTSTRAP LOG] [debug] Display bounds: [0,0][1080,1920]
[debug] [AndroidBootstrap] [BOOTSTRAP LOG] [debug] Display bounds: [0,0][1080,1920]
[debug] [AndroidBootstrap] [BOOTSTRAP LOG] [debug] Swiping from [x=900.0, y=500.0] to [x=100.0, y=500.0] with steps: 6
[debug] [AndroidBootstrap] Received command result from bootstrap
[debug] [MJSONWP] Responding to client with driver.performTouch() result: true
[HTTP] <-- POST /wd/hub/session/2b2dd0cf-8fec-4c01-9d04-c39ebd71954e/touch/perform 200 186 ms - 76
[debug] [AndroidBootstrap] [BOOTSTRAP LOG] [debug] Returning result: {"status":0,"value":true}
[HTTP] --> POST /wd/hub/session/2b2dd0cf-8fec-4c01-9d04-c39ebd71954e/touch/perform {"actions":[{"action":"press","options":{"x":972,"y":960}},{"action":"wait","options":{"ms":500}},{"action":"moveTo","options":{"x":108,"y":960}},{"action":"release","options":{}}]}
[debug] [MJSONWP] Calling AppiumDriver.performTouch() with args: [[{"action":"press","options":{"x":972,"y":960}},{"action":"wait","options":{"ms":500}},{"action":"moveTo","options":{"x":108,"y":960}},{"action":"release","options":{}}],"2b2dd0cf-8fec-4c01-9d04-c39ebd71954e"]
[debug] [AndroidBootstrap] Sending command to android: {"cmd":"action","action":"swipe","params":{"startX":972,"startY":960,"endX":108,"endY":960,"steps":14}}
[debug] [AndroidBootstrap] [BOOTSTRAP LOG] [debug] Got data from client: {"cmd":"action","action":"swipe","params":{"startX":972,"startY":960,"endX":108,"endY":960,"steps":14}}
[debug] [AndroidBootstrap] [BOOTSTRAP LOG] [debug] Got command of type ACTION
[debug] [AndroidBootstrap] [BOOTSTRAP LOG] [debug] Got command action: swipe
[debug] [AndroidBootstrap] [BOOTSTRAP LOG] [debug] Display bounds: [0,0][1080,1920]
[debug] [AndroidBootstrap] [BOOTSTRAP LOG] [debug] Display bounds: [0,0][1080,1920]
[debug] [AndroidBootstrap] [BOOTSTRAP LOG] [debug] Swiping from [x=972.0, y=960.0] to [x=108.0, y=960.0] with steps: 14
[debug] [AndroidBootstrap] [BOOTSTRAP LOG] [debug] Returning result: {"status":0,"value":true}
[debug] [AndroidBootstrap] Received command result from bootstrap
[debug] [MJSONWP] Responding to client with driver.performTouch() result: true
[HTTP] <-- POST /wd/hub/session/2b2dd0cf-8fec-4c01-9d04-c39ebd71954e/touch/perform 200 303 ms - 76
[HTTP] --> DELETE /wd/hub/session/2b2dd0cf-8fec-4c01-9d04-c39ebd71954e {}
[debug] [MJSONWP] Calling AppiumDriver.deleteSession() with args: ["2b2dd0cf-8fec-4c01-9d04-c39ebd71954e"]
[debug] [BaseDriver] Event 'quitSessionRequested' logged at 1513516401929 (21:13:21 GMT+0800 (中国标准时间))
[Appium] Removing session 2b2dd0cf-8fec-4c01-9d04-c39ebd71954e from our master session list
[debug] [AndroidDriver] Shutting down Android driver
[debug] [ADB] Getting connected devices...
[debug] [ADB] 1 device(s) connected
[debug] [ADB] Running 'D:\software\Android\Sdk\platform-tools\adb.exe' with args: ["-P",5037,"-s","7c90834f","shell","am","force-stop","com.zhihu.android"]
[debug] [ADB] Pressing the HOME button
[debug] [ADB] Getting connected devices...
[debug] [ADB] 1 device(s) connected
[debug] [ADB] Running 'D:\software\Android\Sdk\platform-tools\adb.exe' with args: ["-P",5037,"-s","7c90834f","shell","input","keyevent",3]
[debug] [AndroidBootstrap] Sending command to android: {"cmd":"shutdown"}
[debug] [AndroidBootstrap] Received command result from bootstrap
[debug] [UiAutomator] Shutting down UiAutomator
[debug] [UiAutomator] Moving to state 'stopping'
[debug] [AndroidBootstrap] [BOOTSTRAP LOG] [debug] Got data from client: {"cmd":"shutdown"}
[debug] [AndroidBootstrap] [BOOTSTRAP LOG] [debug] Got command of type SHUTDOWN
[debug] [AndroidBootstrap] [BOOTSTRAP LOG] [debug] Returning result: {"status":0,"value":"OK, shutting down"}
[debug] [AndroidBootstrap] [BOOTSTRAP LOG] [debug] Closed client connection
[debug] [AndroidBootstrap] [UIAUTO STDOUT] INSTRUMENTATION_STATUS: numtests=1
[debug] [AndroidBootstrap] [UIAUTO STDOUT] INSTRUMENTATION_STATUS: stream=.
[debug] [AndroidBootstrap] [UIAUTO STDOUT] INSTRUMENTATION_STATUS: id=UiAutomatorTestRunner
[debug] [AndroidBootstrap] [UIAUTO STDOUT] INSTRUMENTATION_STATUS: test=testRunServer
[debug] [AndroidBootstrap] [UIAUTO STDOUT] INSTRUMENTATION_STATUS: class=io.appium.android.bootstrap.Bootstrap
[debug] [AndroidBootstrap] [UIAUTO STDOUT] INSTRUMENTATION_STATUS: current=1
[debug] [AndroidBootstrap] [UIAUTO STDOUT] INSTRUMENTATION_STATUS_CODE: 0
[debug] [AndroidBootstrap] [UIAUTO STDOUT] INSTRUMENTATION_STATUS: stream=
[debug] [AndroidBootstrap] [UIAUTO STDOUT] Test results for WatcherResultPrinter=.
[debug] [AndroidBootstrap] [UIAUTO STDOUT] Time: 27.447
[debug] [AndroidBootstrap] [UIAUTO STDOUT] OK (1 test)
[debug] [AndroidBootstrap] [UIAUTO STDOUT] INSTRUMENTATION_STATUS_CODE: -1
[debug] [UiAutomator] UiAutomator shut down normally
[debug] [UiAutomator] Moving to state 'stopped'
[debug] [ADB] Attempting to kill all uiautomator processes
[debug] [ADB] Getting all processes with uiautomator
[debug] [ADB] Getting connected devices...
[debug] [ADB] 1 device(s) connected
[debug] [ADB] Running 'D:\software\Android\Sdk\platform-tools\adb.exe' with args: ["-P",5037,"-s","7c90834f","shell","ps"]
[ADB] No uiautomator process found to kill, continuing...
[debug] [UiAutomator] Moving to state 'stopped'
[debug] [Logcat] Stopping logcat capture
[debug] [ADB] Getting connected devices...
[debug] [ADB] 1 device(s) connected
[debug] [ADB] Running 'D:\software\Android\Sdk\platform-tools\adb.exe' with args: ["-P",5037,"-s","7c90834f","shell","am","force-stop","io.appium.unlock"]
[debug] [AndroidDriver] Not cleaning generated files. Add `clearSystemFiles` capability if wanted.
[debug] [BaseDriver] Event 'quitSessionFinished' logged at 1513516403859 (21:13:23 GMT+0800 (中国标准时间))
[debug] [MJSONWP] Received response: null
[debug] [MJSONWP] But deleting session, so not returning
[debug] [MJSONWP] Responding to client with driver.deleteSession() result: null
[HTTP] <-- DELETE /wd/hub/session/2b2dd0cf-8fec-4c01-9d04-c39ebd71954e 200 1943 ms - 76
